Watching for file changes with StatReloader
"GET / HTTP/1.1" 200 8324
Not Found: /favicon.ico
"GET /favicon.ico HTTP/1.1" 404 3805
"GET /random_recipes/ HTTP/1.1" 200 3904
"GET / HTTP/1.1" 200 8324
C:\Users\klimm\Desktop\Geek_Brains\Specialization\tasty_ideas\myproject\myproject\settings.py changed, reloading.
Watching for file changes with StatReloader
"GET / HTTP/1.1" 200 8324
"GET /detailed_recipe/ HTTP/1.1" 200 9145
Not Found: /detailed_recipe/fdsaf
"GET /detailed_recipe/fdsaf HTTP/1.1" 404 3835
C:\Users\klimm\Desktop\Geek_Brains\Specialization\tasty_ideas\myproject\myproject\settings.py changed, reloading.
Watching for file changes with StatReloader
C:\Users\klimm\Desktop\Geek_Brains\Specialization\tasty_ideas\myproject\myproject\settings.py changed, reloading.
Watching for file changes with StatReloader
C:\Users\klimm\Desktop\Geek_Brains\Specialization\tasty_ideas\myproject\myproject\settings.py changed, reloading.
INFO 2025-02-08 23:44:52,919 autoreload 14684 324 Watching for file changes with StatReloader
INFO 2025-02-08 23:44:53,400 basehttp 14684 5448 "GET / HTTP/1.1" 200 8324
INFO 2025-02-08 23:44:54,912 basehttp 14684 5448 "GET /detailed_recipe/ HTTP/1.1" 200 9145
INFO 2025-02-08 23:44:56,603 basehttp 14684 5448 "GET / HTTP/1.1" 200 8324
INFO 2025-02-08 23:44:58,309 basehttp 14684 5448 "GET / HTTP/1.1" 200 8324
INFO 2025-02-09 01:13:28,116 autoreload 14684 324 C:\Users\klimm\Desktop\Geek_Brains\Specialization\tasty_ideas\myproject\myapp\views.py changed, reloading.
INFO 2025-02-09 01:13:30,533 autoreload 676 2924 Watching for file changes with StatReloader
INFO 2025-02-09 01:13:37,104 autoreload 676 2924 C:\Users\klimm\Desktop\Geek_Brains\Specialization\tasty_ideas\myproject\myapp\forms.py changed, reloading.
INFO 2025-02-09 01:13:39,176 autoreload 9500 12260 Watching for file changes with StatReloader
INFO 2025-02-09 01:16:20,335 autoreload 9500 12260 C:\Users\klimm\Desktop\Geek_Brains\Specialization\tasty_ideas\myproject\myapp\forms.py changed, reloading.
INFO 2025-02-09 01:16:22,220 autoreload 1536 16596 Watching for file changes with StatReloader
INFO 2025-02-09 01:17:11,274 autoreload 1536 16596 C:\Users\klimm\Desktop\Geek_Brains\Specialization\tasty_ideas\myproject\myapp\forms.py changed, reloading.
INFO 2025-02-09 01:17:13,046 autoreload 11584 11748 Watching for file changes with StatReloader
INFO 2025-02-09 01:17:27,005 autoreload 11584 11748 C:\Users\klimm\Desktop\Geek_Brains\Specialization\tasty_ideas\myproject\myapp\forms.py changed, reloading.
INFO 2025-02-09 01:17:29,191 autoreload 15424 5776 Watching for file changes with StatReloader
INFO 2025-02-09 01:19:16,611 autoreload 15424 5776 C:\Users\klimm\Desktop\Geek_Brains\Specialization\tasty_ideas\myproject\myapp\views.py changed, reloading.
INFO 2025-02-09 01:19:18,582 autoreload 5256 2956 Watching for file changes with StatReloader
INFO 2025-02-09 01:19:27,048 autoreload 5256 2956 C:\Users\klimm\Desktop\Geek_Brains\Specialization\tasty_ideas\myproject\myapp\urls.py changed, reloading.
INFO 2025-02-09 01:19:28,811 autoreload 2404 13932 Watching for file changes with StatReloader
INFO 2025-02-09 01:21:01,182 autoreload 2404 13932 C:\Users\klimm\Desktop\Geek_Brains\Specialization\tasty_ideas\myproject\myapp\views.py changed, reloading.
INFO 2025-02-09 01:21:02,882 autoreload 14672 9880 Watching for file changes with StatReloader
INFO 2025-02-09 01:21:04,925 basehttp 14672 2188 "GET / HTTP/1.1" 200 8324
INFO 2025-02-09 01:21:05,646 basehttp 14672 1736 "GET /static/images/slice-grilled-salmon.png HTTP/1.1" 200 929075
INFO 2025-02-09 01:21:05,688 basehttp 14672 1736 "GET /static/images/delicious-sandwich.png HTTP/1.1" 200 161319
INFO 2025-02-09 01:21:05,735 basehttp 14672 9896 "GET /media/category_photos/breakfast_image.png HTTP/1.1" 200 166901
INFO 2025-02-09 01:21:05,743 basehttp 14672 4568 "GET /media/category_photos/soup_image.png HTTP/1.1" 200 134029
INFO 2025-02-09 01:21:05,753 basehttp 14672 1736 "GET /media/category_photos/sandwich_image.png HTTP/1.1" 200 117917
INFO 2025-02-09 01:21:05,766 basehttp 14672 1212 "GET /static/images/vegetable-salad-with-tomatoes-cucumbers-radishes-cabbage-slice-lemon.png HTTP/1.1" 200 863317
INFO 2025-02-09 01:21:05,783 basehttp 14672 2188 "GET /static/images/fruit-fresh-with-kiwi-slices.png HTTP/1.1" 200 879142
INFO 2025-02-09 01:21:05,805 basehttp 14672 4568 "GET /static/images/green-broccoli.png HTTP/1.1" 200 146298
INFO 2025-02-09 01:21:05,809 basehttp 14672 1736 "GET /media/category_photos/salad_image.png HTTP/1.1" 200 151794
INFO 2025-02-09 01:21:05,846 basehttp 14672 9396 "GET /static/images/pancakes-covered-with-powdered-sugar.png HTTP/1.1" 200 689715
WARNING 2025-02-09 01:21:15,147 log 14672 9396 Not Found: /autgorization
WARNING 2025-02-09 01:21:15,148 basehttp 14672 9396 "GET /autgorization HTTP/1.1" 404 4064
WARNING 2025-02-09 01:21:18,625 log 14672 9396 Not Found: /authorization
WARNING 2025-02-09 01:21:18,627 basehttp 14672 9396 "GET /authorization HTTP/1.1" 404 4064
INFO 2025-02-09 01:21:34,401 basehttp 14672 9396 "GET /login HTTP/1.1" 301 0
INFO 2025-02-09 01:21:34,425 basehttp 14672 2188 "GET /login/ HTTP/1.1" 302 0
INFO 2025-02-09 01:21:34,445 basehttp 14672 2188 "GET / HTTP/1.1" 200 8324
ERROR 2025-02-09 01:23:36,268 log 14672 2188 Internal Server Error: /
Traceback (most recent call last):
  File "C:\Users\klimm\Desktop\Geek_Brains\Specialization\tasty_ideas\venv\Lib\site-packages\django\core\handlers\exception.py", line 55, in inner
    response = get_response(request)
               ^^^^^^^^^^^^^^^^^^^^^
  File "C:\Users\klimm\Desktop\Geek_Brains\Specialization\tasty_ideas\venv\Lib\site-packages\django\core\handlers\base.py", line 197, in _get_response
    response = wrapped_callback(request, *callback_args, **callback_kwargs)
               ^^^^^^^^^^^^^^^^^^^^^^^^^^^^^^^^^^^^^^^^^^^^^^^^^^^^^^^^^^^^
  File "C:\Users\klimm\Desktop\Geek_Brains\Specialization\tasty_ideas\myproject\myapp\views.py", line 43, in index_recipes
    return render(request, 'myapp/index_recipes.html', {'categories': categories})
           ^^^^^^^^^^^^^^^^^^^^^^^^^^^^^^^^^^^^^^^^^^^^^^^^^^^^^^^^^^^^^^^^^^^^^^^
  File "C:\Users\klimm\Desktop\Geek_Brains\Specialization\tasty_ideas\venv\Lib\site-packages\django\shortcuts.py", line 25, in render
    content = loader.render_to_string(template_name, context, request, using=using)
              ^^^^^^^^^^^^^^^^^^^^^^^^^^^^^^^^^^^^^^^^^^^^^^^^^^^^^^^^^^^^^^^^^^^^^
  File "C:\Users\klimm\Desktop\Geek_Brains\Specialization\tasty_ideas\venv\Lib\site-packages\django\template\loader.py", line 62, in render_to_string
    return template.render(context, request)
           ^^^^^^^^^^^^^^^^^^^^^^^^^^^^^^^^^
  File "C:\Users\klimm\Desktop\Geek_Brains\Specialization\tasty_ideas\venv\Lib\site-packages\django\template\backends\django.py", line 107, in render
    return self.template.render(context)
           ^^^^^^^^^^^^^^^^^^^^^^^^^^^^^
  File "C:\Users\klimm\Desktop\Geek_Brains\Specialization\tasty_ideas\venv\Lib\site-packages\django\template\base.py", line 171, in render
    return self._render(context)
           ^^^^^^^^^^^^^^^^^^^^^
  File "C:\Users\klimm\Desktop\Geek_Brains\Specialization\tasty_ideas\venv\Lib\site-packages\django\template\base.py", line 163, in _render
    return self.nodelist.render(context)
           ^^^^^^^^^^^^^^^^^^^^^^^^^^^^^
  File "C:\Users\klimm\Desktop\Geek_Brains\Specialization\tasty_ideas\venv\Lib\site-packages\django\template\base.py", line 1008, in render
    return SafeString("".join([node.render_annotated(context) for node in self]))
                              ^^^^^^^^^^^^^^^^^^^^^^^^^^^^^^^^^^^^^^^^^^^^^^^^^
  File "C:\Users\klimm\Desktop\Geek_Brains\Specialization\tasty_ideas\venv\Lib\site-packages\django\template\base.py", line 1008, in <listcomp>
    return SafeString("".join([node.render_annotated(context) for node in self]))
                               ^^^^^^^^^^^^^^^^^^^^^^^^^^^^^^
  File "C:\Users\klimm\Desktop\Geek_Brains\Specialization\tasty_ideas\venv\Lib\site-packages\django\template\base.py", line 969, in render_annotated
    return self.render(context)
           ^^^^^^^^^^^^^^^^^^^^
  File "C:\Users\klimm\Desktop\Geek_Brains\Specialization\tasty_ideas\venv\Lib\site-packages\django\template\loader_tags.py", line 159, in render
    return compiled_parent._render(context)
           ^^^^^^^^^^^^^^^^^^^^^^^^^^^^^^^^
  File "C:\Users\klimm\Desktop\Geek_Brains\Specialization\tasty_ideas\venv\Lib\site-packages\django\template\base.py", line 163, in _render
    return self.nodelist.render(context)
           ^^^^^^^^^^^^^^^^^^^^^^^^^^^^^
  File "C:\Users\klimm\Desktop\Geek_Brains\Specialization\tasty_ideas\venv\Lib\site-packages\django\template\base.py", line 1008, in render
    return SafeString("".join([node.render_annotated(context) for node in self]))
                              ^^^^^^^^^^^^^^^^^^^^^^^^^^^^^^^^^^^^^^^^^^^^^^^^^
  File "C:\Users\klimm\Desktop\Geek_Brains\Specialization\tasty_ideas\venv\Lib\site-packages\django\template\base.py", line 1008, in <listcomp>
    return SafeString("".join([node.render_annotated(context) for node in self]))
                               ^^^^^^^^^^^^^^^^^^^^^^^^^^^^^^
  File "C:\Users\klimm\Desktop\Geek_Brains\Specialization\tasty_ideas\venv\Lib\site-packages\django\template\base.py", line 969, in render_annotated
    return self.render(context)
           ^^^^^^^^^^^^^^^^^^^^
  File "C:\Users\klimm\Desktop\Geek_Brains\Specialization\tasty_ideas\venv\Lib\site-packages\django\template\defaulttags.py", line 327, in render
    return nodelist.render(context)
           ^^^^^^^^^^^^^^^^^^^^^^^^
  File "C:\Users\klimm\Desktop\Geek_Brains\Specialization\tasty_ideas\venv\Lib\site-packages\django\template\base.py", line 1008, in render
    return SafeString("".join([node.render_annotated(context) for node in self]))
                              ^^^^^^^^^^^^^^^^^^^^^^^^^^^^^^^^^^^^^^^^^^^^^^^^^
  File "C:\Users\klimm\Desktop\Geek_Brains\Specialization\tasty_ideas\venv\Lib\site-packages\django\template\base.py", line 1008, in <listcomp>
    return SafeString("".join([node.render_annotated(context) for node in self]))
                               ^^^^^^^^^^^^^^^^^^^^^^^^^^^^^^
  File "C:\Users\klimm\Desktop\Geek_Brains\Specialization\tasty_ideas\venv\Lib\site-packages\django\template\base.py", line 969, in render_annotated
    return self.render(context)
           ^^^^^^^^^^^^^^^^^^^^
  File "C:\Users\klimm\Desktop\Geek_Brains\Specialization\tasty_ideas\venv\Lib\site-packages\django\template\defaulttags.py", line 480, in render
    url = reverse(view_name, args=args, kwargs=kwargs, current_app=current_app)
          ^^^^^^^^^^^^^^^^^^^^^^^^^^^^^^^^^^^^^^^^^^^^^^^^^^^^^^^^^^^^^^^^^^^^^
  File "C:\Users\klimm\Desktop\Geek_Brains\Specialization\tasty_ideas\venv\Lib\site-packages\django\urls\base.py", line 88, in reverse
    return resolver._reverse_with_prefix(view, prefix, *args, **kwargs)
           ^^^^^^^^^^^^^^^^^^^^^^^^^^^^^^^^^^^^^^^^^^^^^^^^^^^^^^^^^^^^
  File "C:\Users\klimm\Desktop\Geek_Brains\Specialization\tasty_ideas\venv\Lib\site-packages\django\urls\resolvers.py", line 831, in _reverse_with_prefix
    raise NoReverseMatch(msg)
django.urls.exceptions.NoReverseMatch: Reverse for 'logout' not found. 'logout' is not a valid view function or pattern name.
ERROR 2025-02-09 01:23:36,303 basehttp 14672 2188 "GET / HTTP/1.1" 500 173554
INFO 2025-02-09 01:24:13,398 autoreload 14672 9880 C:\Users\klimm\Desktop\Geek_Brains\Specialization\tasty_ideas\myproject\myapp\urls.py changed, reloading.
INFO 2025-02-09 01:24:15,677 autoreload 8272 11436 Watching for file changes with StatReloader
INFO 2025-02-09 01:24:20,483 autoreload 8272 11436 C:\Users\klimm\Desktop\Geek_Brains\Specialization\tasty_ideas\myproject\myapp\urls.py changed, reloading.
INFO 2025-02-09 01:24:22,200 autoreload 12016 14692 Watching for file changes with StatReloader
INFO 2025-02-09 01:24:46,959 autoreload 12016 14692 C:\Users\klimm\Desktop\Geek_Brains\Specialization\tasty_ideas\myproject\myapp\views.py changed, reloading.
INFO 2025-02-09 01:24:47,964 autoreload 7348 4152 Watching for file changes with StatReloader
INFO 2025-02-09 01:24:57,107 basehttp 7348 11932 "GET / HTTP/1.1" 200 8404
INFO 2025-02-09 01:24:58,978 basehttp 7348 11932 "GET /logout/ HTTP/1.1" 302 0
INFO 2025-02-09 01:24:58,995 basehttp 7348 11932 "GET / HTTP/1.1" 200 8406
INFO 2025-02-09 01:25:00,788 basehttp 7348 11932 "GET /login/ HTTP/1.1" 200 5366
INFO 2025-02-09 01:25:15,425 basehttp 7348 11932 "GET /registration/ HTTP/1.1" 200 5693
INFO 2025-02-09 01:25:23,177 basehttp 7348 11932 "GET /login/ HTTP/1.1" 200 5366
INFO 2025-02-09 01:28:23,267 basehttp 7348 11932 "GET /login/ HTTP/1.1" 200 5290
INFO 2025-02-09 01:28:25,237 basehttp 7348 11932 "GET /login/ HTTP/1.1" 200 5290
INFO 2025-02-09 01:28:32,627 basehttp 7348 11932 "POST /login/ HTTP/1.1" 302 0
INFO 2025-02-09 01:28:32,653 basehttp 7348 11932 "GET / HTTP/1.1" 200 8404
INFO 2025-02-09 01:28:34,924 basehttp 7348 11932 "GET /logout/ HTTP/1.1" 302 0
INFO 2025-02-09 01:28:34,939 basehttp 7348 11932 "GET / HTTP/1.1" 200 8406
INFO 2025-02-09 01:28:37,366 basehttp 7348 11932 "GET / HTTP/1.1" 200 8406
INFO 2025-02-09 01:28:39,090 basehttp 7348 11932 "GET /login/ HTTP/1.1" 200 5290
INFO 2025-02-09 01:28:53,666 basehttp 7348 11932 "GET / HTTP/1.1" 200 8406
INFO 2025-02-09 01:28:54,865 basehttp 7348 11932 "GET /detailed_recipe/ HTTP/1.1" 200 9227
INFO 2025-02-09 01:28:55,071 basehttp 7348 11932 "GET /media/recipes_photos/piece-chicken-caesar-salad.png HTTP/1.1" 200 1033026
INFO 2025-02-09 01:28:56,752 basehttp 7348 11932 "GET / HTTP/1.1" 200 8406
INFO 2025-02-09 01:28:58,070 basehttp 7348 11932 "GET /login/ HTTP/1.1" 200 5290
INFO 2025-02-09 01:29:34,158 basehttp 7348 11932 "GET /login/ HTTP/1.1" 200 5290
INFO 2025-02-09 01:30:16,949 basehttp 7348 11932 "GET /login/ HTTP/1.1" 200 5290
INFO 2025-02-09 01:30:17,697 basehttp 7348 11932 "GET /login/ HTTP/1.1" 200 5290
INFO 2025-02-09 01:30:53,285 basehttp 7348 11932 "GET /login/ HTTP/1.1" 200 5287
INFO 2025-02-09 01:32:26,637 basehttp 7348 11932 "GET /login/ HTTP/1.1" 200 5287
INFO 2025-02-09 01:33:02,285 basehttp 7348 11932 "GET /login/ HTTP/1.1" 200 5287
INFO 2025-02-09 01:33:03,012 basehttp 7348 11932 "GET /login/ HTTP/1.1" 200 5287
INFO 2025-02-09 01:33:11,377 basehttp 7348 11932 "GET /login/ HTTP/1.1" 200 5287
INFO 2025-02-09 01:33:12,158 basehttp 7348 11932 "GET /login/ HTTP/1.1" 200 5287
INFO 2025-02-09 01:33:15,982 basehttp 7348 11932 "POST /login/ HTTP/1.1" 302 0
INFO 2025-02-09 01:33:16,005 basehttp 7348 11932 "GET / HTTP/1.1" 200 8404
INFO 2025-02-09 01:33:16,924 basehttp 7348 11932 "GET /logout/ HTTP/1.1" 302 0
INFO 2025-02-09 01:33:16,941 basehttp 7348 11932 "GET / HTTP/1.1" 200 8406
INFO 2025-02-09 01:33:18,369 basehttp 7348 11932 "GET /login/ HTTP/1.1" 200 5287
INFO 2025-02-09 01:36:10,918 basehttp 7348 11932 "GET /login/ HTTP/1.1" 200 5287
INFO 2025-02-09 01:36:11,975 basehttp 7348 11932 "GET /login/ HTTP/1.1" 200 5287
INFO 2025-02-09 01:36:12,694 basehttp 7348 11932 "GET /login/ HTTP/1.1" 200 5287
INFO 2025-02-09 01:36:21,618 autoreload 16272 9984 Watching for file changes with StatReloader
INFO 2025-02-09 01:36:21,995 basehttp 16272 10560 "GET /login/ HTTP/1.1" 200 5287
INFO 2025-02-09 01:36:34,627 basehttp 16272 10560 "GET / HTTP/1.1" 200 8406
INFO 2025-02-09 01:36:39,924 basehttp 16272 10560 "GET /login/ HTTP/1.1" 200 5287
INFO 2025-02-09 01:37:10,282 basehttp 16272 10560 "GET /login/ HTTP/1.1" 200 5284
INFO 2025-02-09 01:37:32,175 basehttp 16272 10560 "GET /login/ HTTP/1.1" 200 5284
INFO 2025-02-09 01:37:33,077 basehttp 16272 10560 "GET /login/ HTTP/1.1" 200 5292
INFO 2025-02-09 01:38:18,993 basehttp 16272 10560 "GET /login/ HTTP/1.1" 200 5292
INFO 2025-02-09 01:38:19,916 basehttp 16272 10560 "GET /login/ HTTP/1.1" 200 5297
INFO 2025-02-09 01:38:26,724 basehttp 16272 10560 "GET /login/ HTTP/1.1" 200 5296
INFO 2025-02-09 01:38:37,304 basehttp 16272 10560 "GET /registration/ HTTP/1.1" 200 5693
INFO 2025-02-09 01:38:44,078 basehttp 16272 10560 "GET /login/ HTTP/1.1" 200 5296
INFO 2025-02-09 01:38:53,644 basehttp 16272 10560 "POST /login/ HTTP/1.1" 200 5296
INFO 2025-02-09 01:40:49,603 autoreload 16272 9984 C:\Users\klimm\Desktop\Geek_Brains\Specialization\tasty_ideas\myproject\myapp\views.py changed, reloading.
INFO 2025-02-09 01:40:51,021 autoreload 3328 7628 Watching for file changes with StatReloader
INFO 2025-02-09 01:42:38,346 basehttp 3328 8232 "POST /login/ HTTP/1.1" 200 5169
INFO 2025-02-09 01:42:45,227 basehttp 3328 8232 "POST /login/ HTTP/1.1" 200 5169
INFO 2025-02-09 01:42:50,021 basehttp 3328 8232 "POST /login/ HTTP/1.1" 200 5169
INFO 2025-02-09 01:43:36,146 autoreload 3328 7628 C:\Users\klimm\Desktop\Geek_Brains\Specialization\tasty_ideas\myproject\myapp\views.py changed, reloading.
INFO 2025-02-09 01:43:37,757 autoreload 10620 3208 Watching for file changes with StatReloader
INFO 2025-02-09 01:43:40,754 autoreload 10620 3208 C:\Users\klimm\Desktop\Geek_Brains\Specialization\tasty_ideas\myproject\myapp\views.py changed, reloading.
INFO 2025-02-09 01:43:42,377 autoreload 15644 2204 Watching for file changes with StatReloader
INFO 2025-02-09 01:43:48,445 autoreload 15644 2204 C:\Users\klimm\Desktop\Geek_Brains\Specialization\tasty_ideas\myproject\myapp\views.py changed, reloading.
INFO 2025-02-09 01:43:49,355 autoreload 3832 15112 Watching for file changes with StatReloader
INFO 2025-02-09 01:43:55,329 basehttp 3832 16880 "POST /login/ HTTP/1.1" 200 5575
INFO 2025-02-09 01:44:29,690 basehttp 3832 16880 "GET / HTTP/1.1" 200 8406
INFO 2025-02-09 01:44:31,040 basehttp 3832 16880 "GET /login/ HTTP/1.1" 200 5169
INFO 2025-02-09 01:44:35,167 basehttp 3832 16880 "POST /login/ HTTP/1.1" 200 5575
INFO 2025-02-09 01:45:25,953 autoreload 3832 15112 C:\Users\klimm\Desktop\Geek_Brains\Specialization\tasty_ideas\myproject\myapp\forms.py changed, reloading.
INFO 2025-02-09 01:45:27,566 autoreload 11932 13944 Watching for file changes with StatReloader
INFO 2025-02-09 01:47:23,287 basehttp 11932 4468 "POST /login/ HTTP/1.1" 200 5355
INFO 2025-02-09 01:47:36,339 basehttp 11932 4468 "POST /login/ HTTP/1.1" 200 5355
INFO 2025-02-09 01:47:45,015 basehttp 11932 4468 "POST /login/ HTTP/1.1" 200 5354
INFO 2025-02-09 01:48:26,261 basehttp 11932 4468 "POST /login/ HTTP/1.1" 200 5355
INFO 2025-02-09 01:48:30,163 basehttp 11932 4468 "POST /login/ HTTP/1.1" 200 5355
INFO 2025-02-09 01:48:36,345 basehttp 11932 4468 "POST /login/ HTTP/1.1" 302 0
INFO 2025-02-09 01:48:36,369 basehttp 11932 4468 "GET / HTTP/1.1" 200 8404
INFO 2025-02-09 01:48:37,598 basehttp 11932 4468 "GET /logout/ HTTP/1.1" 302 0
INFO 2025-02-09 01:48:37,613 basehttp 11932 4468 "GET / HTTP/1.1" 200 8406
INFO 2025-02-09 01:48:38,260 basehttp 11932 4468 "GET /login/ HTTP/1.1" 200 5139
INFO 2025-02-09 01:48:42,965 basehttp 11932 4468 "POST /login/ HTTP/1.1" 200 5354
INFO 2025-02-09 01:49:14,568 autoreload 11932 13944 C:\Users\klimm\Desktop\Geek_Brains\Specialization\tasty_ideas\myproject\myapp\views.py changed, reloading.
INFO 2025-02-09 01:49:16,244 autoreload 15112 3288 Watching for file changes with StatReloader
INFO 2025-02-09 01:49:21,249 basehttp 15112 15084 "POST /login/ HTTP/1.1" 200 5354
INFO 2025-02-09 01:49:26,154 basehttp 15112 15084 "POST /login/ HTTP/1.1" 302 0
INFO 2025-02-09 01:49:26,181 basehttp 15112 15084 "GET / HTTP/1.1" 200 8404
INFO 2025-02-09 01:49:27,529 basehttp 15112 15084 "GET /logout/ HTTP/1.1" 302 0
INFO 2025-02-09 01:49:27,547 basehttp 15112 15084 "GET / HTTP/1.1" 200 8406
INFO 2025-02-09 01:49:28,340 basehttp 15112 15084 "GET /login/ HTTP/1.1" 200 5139
INFO 2025-02-09 01:54:16,636 basehttp 15112 15084 "GET /login/ HTTP/1.1" 200 5139
INFO 2025-02-09 01:57:13,195 autoreload 15112 3288 C:\Users\klimm\Desktop\Geek_Brains\Specialization\tasty_ideas\myproject\myapp\forms.py changed, reloading.
INFO 2025-02-09 01:57:15,023 autoreload 2312 4480 Watching for file changes with StatReloader
INFO 2025-02-09 01:57:27,958 basehttp 2312 13116 "GET /login/ HTTP/1.1" 200 5153
INFO 2025-02-09 01:59:22,121 basehttp 2312 13116 "GET /login/ HTTP/1.1" 200 5153
INFO 2025-02-09 01:59:22,232 autoreload 2312 4480 C:\Users\klimm\Desktop\Geek_Brains\Specialization\tasty_ideas\myproject\myapp\forms.py changed, reloading.
INFO 2025-02-09 01:59:23,879 autoreload 7892 12592 Watching for file changes with StatReloader
INFO 2025-02-09 01:59:24,218 basehttp 7892 7356 "GET /login/ HTTP/1.1" 200 5155
INFO 2025-02-09 02:34:09,633 autoreload 2508 5700 Watching for file changes with StatReloader
INFO 2025-02-09 02:55:23,101 autoreload 4212 2832 Watching for file changes with StatReloader
INFO 2025-02-09 02:56:24,038 autoreload 4212 2832 C:\Users\klimm\Desktop\Geek_Brains\Specialization\tasty_ideas\myproject\myapp\urls.py changed, reloading.
INFO 2025-02-09 02:56:26,131 autoreload 12076 12100 Watching for file changes with StatReloader
INFO 2025-02-09 02:57:57,915 autoreload 12076 12100 C:\Users\klimm\Desktop\Geek_Brains\Specialization\tasty_ideas\myproject\myapp\views.py changed, reloading.
INFO 2025-02-09 02:57:59,869 autoreload 12728 5080 Watching for file changes with StatReloader
INFO 2025-02-09 02:58:45,251 autoreload 12728 5080 C:\Users\klimm\Desktop\Geek_Brains\Specialization\tasty_ideas\myproject\myapp\views.py changed, reloading.
INFO 2025-02-09 02:58:46,293 autoreload 13016 17852 Watching for file changes with StatReloader
INFO 2025-02-09 02:59:01,121 autoreload 9488 15128 Watching for file changes with StatReloader
INFO 2025-02-09 02:59:48,080 autoreload 9488 15128 C:\Users\klimm\Desktop\Geek_Brains\Specialization\tasty_ideas\myproject\myapp\views.py changed, reloading.
INFO 2025-02-09 02:59:49,115 autoreload 2924 1444 Watching for file changes with StatReloader
INFO 2025-02-09 03:00:20,953 autoreload 2924 1444 C:\Users\klimm\Desktop\Geek_Brains\Specialization\tasty_ideas\myproject\myapp\urls.py changed, reloading.
INFO 2025-02-09 03:00:22,983 autoreload 14868 10032 Watching for file changes with StatReloader
INFO 2025-02-09 03:00:26,469 basehttp 14868 2528 "GET /login/ HTTP/1.1" 200 5303
INFO 2025-02-09 03:00:31,391 basehttp 14868 2528 "POST /login/ HTTP/1.1" 302 0
INFO 2025-02-09 03:00:31,427 basehttp 14868 2528 "GET / HTTP/1.1" 200 8425
INFO 2025-02-09 03:00:34,118 basehttp 14868 2528 "GET /logout/ HTTP/1.1" 302 0
INFO 2025-02-09 03:00:34,137 basehttp 14868 2528 "GET / HTTP/1.1" 200 8427
INFO 2025-02-09 03:00:37,327 basehttp 14868 2528 "GET /login/ HTTP/1.1" 200 5303
INFO 2025-02-09 03:00:40,571 basehttp 14868 2528 "GET /registration/ HTTP/1.1" 200 5714
INFO 2025-02-09 12:53:55,488 basehttp 14868 16864 "GET /login/ HTTP/1.1" 200 5303
INFO 2025-02-09 12:54:04,645 basehttp 14868 16864 "POST /login/ HTTP/1.1" 302 0
INFO 2025-02-09 12:54:04,664 basehttp 14868 16864 "GET / HTTP/1.1" 200 8425
INFO 2025-02-09 12:54:04,743 basehttp 14868 16864 "GET /static/images/fruit-fresh-with-kiwi-slices.png HTTP/1.1" 304 0
INFO 2025-02-09 12:54:04,751 basehttp 14868 17252 "GET /static/images/vegetable-salad-with-tomatoes-cucumbers-radishes-cabbage-slice-lemon.png HTTP/1.1" 304 0
INFO 2025-02-09 12:54:04,751 basehttp 14868 6132 "GET /static/images/slice-grilled-salmon.png HTTP/1.1" 304 0
INFO 2025-02-09 12:54:04,753 basehttp 14868 16864 "GET /static/images/pancakes-covered-with-powdered-sugar.png HTTP/1.1" 304 0
INFO 2025-02-09 12:54:04,760 basehttp 14868 20372 "GET /media/category_photos/soup_image.png HTTP/1.1" 304 0
INFO 2025-02-09 12:54:04,761 basehttp 14868 17624 "GET /media/category_photos/sandwich_image.png HTTP/1.1" 304 0
INFO 2025-02-09 12:54:04,762 basehttp 14868 18284 "GET /media/category_photos/breakfast_image.png HTTP/1.1" 304 0
INFO 2025-02-09 12:54:04,809 basehttp 14868 18284 "GET /media/category_photos/salad_image.png HTTP/1.1" 304 0
INFO 2025-02-09 12:54:04,814 basehttp 14868 17624 "GET /static/images/green-broccoli.png HTTP/1.1" 304 0
INFO 2025-02-09 12:54:04,830 basehttp 14868 18284 "GET /static/images/delicious-sandwich.png HTTP/1.1" 304 0
INFO 2025-02-09 12:54:09,542 basehttp 14868 18284 "GET / HTTP/1.1" 200 8425
INFO 2025-02-09 12:54:12,967 basehttp 14868 18284 "GET /detailed_recipe/ HTTP/1.1" 200 9246
INFO 2025-02-09 12:54:13,186 basehttp 14868 18284 "GET /media/recipes_photos/piece-chicken-caesar-salad.png HTTP/1.1" 200 1033026
INFO 2025-02-09 12:54:20,990 basehttp 14868 18284 "GET / HTTP/1.1" 200 8425
INFO 2025-02-09 12:54:22,370 basehttp 14868 18284 "GET / HTTP/1.1" 200 8425
INFO 2025-02-09 12:56:03,247 basehttp 14868 16104 "GET / HTTP/1.1" 200 7364
INFO 2025-02-09 12:56:11,261 basehttp 14868 16104 "GET / HTTP/1.1" 200 7364
INFO 2025-02-09 12:56:17,537 basehttp 14868 16104 "GET / HTTP/1.1" 200 7364
INFO 2025-02-09 12:56:18,877 basehttp 14868 16104 "GET / HTTP/1.1" 200 7361
INFO 2025-02-09 12:56:27,252 basehttp 14868 16104 "GET / HTTP/1.1" 200 7361
INFO 2025-02-09 12:56:35,336 basehttp 14868 16104 "GET / HTTP/1.1" 200 7363
INFO 2025-02-09 12:56:50,240 basehttp 14868 16104 "GET / HTTP/1.1" 200 7363
INFO 2025-02-09 12:56:51,045 basehttp 14868 16104 "GET / HTTP/1.1" 200 7363
INFO 2025-02-09 12:57:21,286 basehttp 14868 16104 "GET / HTTP/1.1" 200 7363
INFO 2025-02-09 12:57:22,105 basehttp 14868 16104 "GET / HTTP/1.1" 200 7361
INFO 2025-02-09 12:57:58,982 basehttp 14868 16104 "GET / HTTP/1.1" 200 7369
INFO 2025-02-09 12:58:17,482 basehttp 14868 16104 "GET / HTTP/1.1" 200 7362
INFO 2025-02-09 12:58:19,068 basehttp 14868 16104 "GET / HTTP/1.1" 200 7362
INFO 2025-02-09 12:58:25,979 basehttp 14868 16104 "GET / HTTP/1.1" 200 7362
INFO 2025-02-09 12:58:42,834 basehttp 14868 16104 "GET / HTTP/1.1" 200 7354
INFO 2025-02-09 12:58:43,755 basehttp 14868 16104 "GET / HTTP/1.1" 200 7354
INFO 2025-02-09 12:58:53,625 basehttp 14868 16104 "GET / HTTP/1.1" 200 7358
INFO 2025-02-09 12:59:04,335 basehttp 14868 16104 "GET / HTTP/1.1" 200 7358
INFO 2025-02-09 13:06:51,775 basehttp 14868 18888 "GET /logout/ HTTP/1.1" 302 0
INFO 2025-02-09 13:06:51,865 basehttp 14868 18888 "GET / HTTP/1.1" 200 7364
INFO 2025-02-09 13:06:53,453 basehttp 14868 18888 "GET /login/ HTTP/1.1" 200 5303
INFO 2025-02-09 13:07:01,237 basehttp 14868 18888 "POST /login/ HTTP/1.1" 302 0
INFO 2025-02-09 13:07:01,262 basehttp 14868 18888 "GET / HTTP/1.1" 200 7362
INFO 2025-02-09 13:07:02,473 basehttp 14868 18888 "GET /logout/ HTTP/1.1" 302 0
INFO 2025-02-09 13:07:02,498 basehttp 14868 18888 "GET / HTTP/1.1" 200 7364
INFO 2025-02-09 13:07:03,657 basehttp 14868 18888 "GET /login/ HTTP/1.1" 200 5303
INFO 2025-02-09 13:08:08,043 basehttp 14868 18888 "POST /login/ HTTP/1.1" 200 5457
INFO 2025-02-09 13:08:18,397 basehttp 14868 18888 "POST /login/ HTTP/1.1" 302 0
INFO 2025-02-09 13:08:18,422 basehttp 14868 18888 "GET / HTTP/1.1" 200 7362
INFO 2025-02-09 13:08:42,223 basehttp 14868 18888 "GET /detailed_recipe/ HTTP/1.1" 200 9246
INFO 2025-02-09 13:08:45,469 basehttp 14868 18888 "GET /logout/ HTTP/1.1" 302 0
INFO 2025-02-09 13:08:45,483 basehttp 14868 18888 "GET / HTTP/1.1" 200 7364
INFO 2025-02-09 13:08:47,525 basehttp 14868 18888 "GET /login/ HTTP/1.1" 200 5303
INFO 2025-02-09 13:08:49,278 basehttp 14868 18888 "GET /registration/ HTTP/1.1" 200 5714
INFO 2025-02-09 14:09:34,014 basehttp 14868 16632 "GET / HTTP/1.1" 200 7364
INFO 2025-02-09 14:09:57,370 basehttp 14868 16632 "GET / HTTP/1.1" 200 7364
INFO 2025-02-09 14:09:58,496 basehttp 14868 16632 "GET / HTTP/1.1" 200 7364
INFO 2025-02-09 14:09:59,911 basehttp 14868 16632 "GET /detailed_recipe/ HTTP/1.1" 200 9248
INFO 2025-02-09 14:10:19,610 basehttp 14868 16632 "GET /login/ HTTP/1.1" 200 5303
INFO 2025-02-09 14:10:22,722 basehttp 14868 16632 "GET /registration/ HTTP/1.1" 200 5714
INFO 2025-02-09 14:10:57,208 autoreload 3956 18464 Watching for file changes with StatReloader
INFO 2025-02-09 14:14:39,715 autoreload 3956 18464 C:\Users\klimm\Desktop\Geek_Brains\Specialization\tasty_ideas\myproject\myapp\forms.py changed, reloading.
INFO 2025-02-09 14:14:41,990 autoreload 5396 16848 Watching for file changes with StatReloader
INFO 2025-02-09 14:18:10,628 autoreload 5396 16848 C:\Users\klimm\Desktop\Geek_Brains\Specialization\tasty_ideas\myproject\myapp\forms.py changed, reloading.
INFO 2025-02-09 14:18:13,101 autoreload 20728 18468 Watching for file changes with StatReloader
INFO 2025-02-09 14:18:24,394 autoreload 20728 18468 C:\Users\klimm\Desktop\Geek_Brains\Specialization\tasty_ideas\myproject\myapp\forms.py changed, reloading.
INFO 2025-02-09 14:18:26,213 autoreload 5008 12812 Watching for file changes with StatReloader
INFO 2025-02-09 14:18:26,933 basehttp 5008 3052 "GET /login/ HTTP/1.1" 200 5303
INFO 2025-02-09 14:18:33,629 basehttp 5008 3052 "POST /login/ HTTP/1.1" 200 5457
INFO 2025-02-09 14:19:27,049 basehttp 5008 3052 "POST /login/ HTTP/1.1" 200 5457
INFO 2025-02-09 14:20:42,296 autoreload 5008 12812 C:\Users\klimm\Desktop\Geek_Brains\Specialization\tasty_ideas\myproject\myapp\views.py changed, reloading.
INFO 2025-02-09 14:20:44,560 autoreload 18976 15572 Watching for file changes with StatReloader
INFO 2025-02-09 14:21:30,913 autoreload 18976 15572 C:\Users\klimm\Desktop\Geek_Brains\Specialization\tasty_ideas\myproject\myapp\urls.py changed, reloading.
INFO 2025-02-09 14:21:32,598 autoreload 21284 18896 Watching for file changes with StatReloader
WARNING 2025-02-09 14:21:33,814 log 21284 9668 Not Found: /registration/
WARNING 2025-02-09 14:21:33,815 basehttp 21284 9668 "GET /registration/ HTTP/1.1" 404 4315
WARNING 2025-02-09 14:21:35,351 log 21284 9668 Not Found: /registration/
WARNING 2025-02-09 14:21:35,352 basehttp 21284 9668 "GET /registration/ HTTP/1.1" 404 4315
INFO 2025-02-09 14:21:50,938 autoreload 21284 18896 C:\Users\klimm\Desktop\Geek_Brains\Specialization\tasty_ideas\myproject\myapp\urls.py changed, reloading.
INFO 2025-02-09 14:21:53,134 autoreload 1384 11784 Watching for file changes with StatReloader
INFO 2025-02-09 14:21:53,832 basehttp 1384 15840 "GET /registration/ HTTP/1.1" 200 5813
INFO 2025-02-09 14:22:41,661 autoreload 1384 11784 C:\Users\klimm\Desktop\Geek_Brains\Specialization\tasty_ideas\myproject\myapp\views.py changed, reloading.
INFO 2025-02-09 14:22:43,203 autoreload 18860 20880 Watching for file changes with StatReloader
INFO 2025-02-09 14:22:43,753 basehttp 18860 9900 "GET /registration/ HTTP/1.1" 200 5813
INFO 2025-02-09 14:23:12,890 autoreload 18860 20880 C:\Users\klimm\Desktop\Geek_Brains\Specialization\tasty_ideas\myproject\myapp\forms.py changed, reloading.
INFO 2025-02-09 14:23:14,846 autoreload 15088 19372 Watching for file changes with StatReloader
INFO 2025-02-09 14:23:27,255 autoreload 15088 19372 C:\Users\klimm\Desktop\Geek_Brains\Specialization\tasty_ideas\myproject\myapp\forms.py changed, reloading.
INFO 2025-02-09 14:23:28,828 autoreload 16336 5456 Watching for file changes with StatReloader
INFO 2025-02-09 14:23:39,698 autoreload 16336 5456 C:\Users\klimm\Desktop\Geek_Brains\Specialization\tasty_ideas\myproject\myapp\forms.py changed, reloading.
INFO 2025-02-09 14:23:41,445 autoreload 19260 18888 Watching for file changes with StatReloader
INFO 2025-02-09 14:25:30,128 autoreload 19260 18888 C:\Users\klimm\Desktop\Geek_Brains\Specialization\tasty_ideas\myproject\myapp\forms.py changed, reloading.
INFO 2025-02-09 14:25:32,215 autoreload 4092 21108 Watching for file changes with StatReloader
INFO 2025-02-09 14:25:32,937 basehttp 4092 21400 "GET /registration/ HTTP/1.1" 200 5816
INFO 2025-02-09 14:26:11,645 autoreload 4092 21108 C:\Users\klimm\Desktop\Geek_Brains\Specialization\tasty_ideas\myproject\myapp\forms.py changed, reloading.
INFO 2025-02-09 14:26:13,451 autoreload 21452 10556 Watching for file changes with StatReloader
INFO 2025-02-09 14:26:28,544 basehttp 21452 3340 "GET /registration/ HTTP/1.1" 200 5937
INFO 2025-02-09 14:26:42,514 basehttp 21452 3340 "GET /login/ HTTP/1.1" 200 5303
INFO 2025-02-09 14:26:44,406 basehttp 21452 3340 "GET /registration/ HTTP/1.1" 200 5937
INFO 2025-02-09 14:27:01,916 basehttp 21452 3340 "POST /registration/ HTTP/1.1" 200 6520
INFO 2025-02-09 14:31:11,160 autoreload 21452 10556 C:\Users\klimm\Desktop\Geek_Brains\Specialization\tasty_ideas\myproject\myapp\views.py changed, reloading.
INFO 2025-02-09 14:31:13,048 autoreload 19720 18660 Watching for file changes with StatReloader
INFO 2025-02-09 14:32:25,780 autoreload 19720 18660 C:\Users\klimm\Desktop\Geek_Brains\Specialization\tasty_ideas\myproject\myapp\views.py changed, reloading.
INFO 2025-02-09 14:32:27,818 autoreload 14680 16088 Watching for file changes with StatReloader
INFO 2025-02-09 14:32:37,715 basehttp 14680 11200 "POST /registration/ HTTP/1.1" 200 6520
INFO 2025-02-09 14:33:08,867 basehttp 14680 11200 "POST /registration/ HTTP/1.1" 200 6140
INFO 2025-02-09 14:33:34,463 basehttp 14680 11200 "POST /registration/ HTTP/1.1" 302 0
INFO 2025-02-09 14:33:34,499 basehttp 14680 11200 "GET / HTTP/1.1" 200 7362
INFO 2025-02-09 14:33:43,521 autoreload 14680 16088 C:\Users\klimm\Desktop\Geek_Brains\Specialization\tasty_ideas\myproject\myapp\views.py changed, reloading.
INFO 2025-02-09 14:33:44,863 autoreload 19636 20728 Watching for file changes with StatReloader
INFO 2025-02-09 14:34:13,687 basehttp 19636 20920 "GET /logout/ HTTP/1.1" 302 0
INFO 2025-02-09 14:34:13,734 basehttp 19636 20920 "GET / HTTP/1.1" 200 7364
INFO 2025-02-09 14:34:16,332 basehttp 19636 20920 "GET /login/ HTTP/1.1" 200 5303
INFO 2025-02-09 14:34:17,850 basehttp 19636 20920 "GET /registration/ HTTP/1.1" 200 5937
INFO 2025-02-09 14:36:05,422 basehttp 19636 20920 "POST /registration/ HTTP/1.1" 200 6458
INFO 2025-02-09 14:38:06,690 autoreload 19636 20728 C:\Users\klimm\Desktop\Geek_Brains\Specialization\tasty_ideas\myproject\myapp\forms.py changed, reloading.
INFO 2025-02-09 14:38:08,600 autoreload 9320 19104 Watching for file changes with StatReloader
INFO 2025-02-09 14:39:09,038 autoreload 9320 19104 C:\Users\klimm\Desktop\Geek_Brains\Specialization\tasty_ideas\myproject\myapp\forms.py changed, reloading.
INFO 2025-02-09 14:39:10,830 autoreload 18860 17020 Watching for file changes with StatReloader
INFO 2025-02-09 14:39:47,976 autoreload 18860 17020 C:\Users\klimm\Desktop\Geek_Brains\Specialization\tasty_ideas\myproject\myapp\forms.py changed, reloading.
INFO 2025-02-09 14:39:48,828 autoreload 19204 14648 Watching for file changes with StatReloader
INFO 2025-02-09 14:40:29,113 autoreload 19204 14648 C:\Users\klimm\Desktop\Geek_Brains\Specialization\tasty_ideas\myproject\myapp\forms.py changed, reloading.
INFO 2025-02-09 14:40:30,960 autoreload 21152 11312 Watching for file changes with StatReloader
INFO 2025-02-09 14:40:37,416 autoreload 21152 11312 C:\Users\klimm\Desktop\Geek_Brains\Specialization\tasty_ideas\myproject\myapp\forms.py changed, reloading.
INFO 2025-02-09 14:40:39,057 autoreload 2504 16736 Watching for file changes with StatReloader
INFO 2025-02-09 14:40:41,818 basehttp 2504 18884 "POST /registration/ HTTP/1.1" 200 6600
INFO 2025-02-09 14:44:55,038 basehttp 2504 18884 "POST /registration/ HTTP/1.1" 200 6519
INFO 2025-02-09 14:44:58,805 basehttp 2504 18884 "POST /registration/ HTTP/1.1" 200 6519
INFO 2025-02-09 14:45:00,966 basehttp 2504 18884 "GET / HTTP/1.1" 200 7364
INFO 2025-02-09 14:45:02,642 basehttp 2504 18884 "GET /login/ HTTP/1.1" 200 5303
INFO 2025-02-09 14:45:03,871 basehttp 2504 18884 "GET /registration/ HTTP/1.1" 200 5849
INFO 2025-02-09 14:45:10,076 basehttp 2504 18884 "POST /login/ HTTP/1.1" 200 5457
INFO 2025-02-09 14:45:12,759 basehttp 2504 18884 "GET /registration/ HTTP/1.1" 200 5849
INFO 2025-02-09 14:45:30,084 basehttp 2504 18884 "POST /registration/ HTTP/1.1" 200 6266
INFO 2025-02-09 14:45:48,148 basehttp 2504 18884 "POST /registration/ HTTP/1.1" 200 6006
INFO 2025-02-09 14:45:53,120 basehttp 2504 18884 "POST /registration/ HTTP/1.1" 200 6423
INFO 2025-02-09 14:49:01,079 autoreload 2504 16736 C:\Users\klimm\Desktop\Geek_Brains\Specialization\tasty_ideas\myproject\myapp\forms.py changed, reloading.
INFO 2025-02-09 14:49:03,035 autoreload 16300 6988 Watching for file changes with StatReloader
INFO 2025-02-09 14:49:31,095 autoreload 16300 6988 C:\Users\klimm\Desktop\Geek_Brains\Specialization\tasty_ideas\myproject\myapp\forms.py changed, reloading.
INFO 2025-02-09 14:49:32,808 autoreload 9924 18748 Watching for file changes with StatReloader
INFO 2025-02-09 14:49:34,360 basehttp 9924 4348 "POST /registration/ HTTP/1.1" 200 6423
INFO 2025-02-09 14:49:38,760 basehttp 9924 4348 "POST /registration/ HTTP/1.1" 200 6423
INFO 2025-02-09 14:49:42,043 basehttp 9924 4348 "POST /registration/ HTTP/1.1" 200 6423
INFO 2025-02-09 14:49:44,501 basehttp 9924 4348 "GET / HTTP/1.1" 200 7364
INFO 2025-02-09 14:49:45,733 basehttp 9924 4348 "GET /login/ HTTP/1.1" 200 5303
INFO 2025-02-09 14:49:50,956 autoreload 14104 16924 Watching for file changes with StatReloader
INFO 2025-02-09 14:49:54,352 basehttp 14104 15752 "GET /registration/ HTTP/1.1" 200 5849
INFO 2025-02-09 14:49:58,940 basehttp 14104 15752 "POST /registration/ HTTP/1.1" 200 6425
INFO 2025-02-09 14:52:43,020 autoreload 14104 16924 C:\Users\klimm\Desktop\Geek_Brains\Specialization\tasty_ideas\myproject\myapp\forms.py changed, reloading.
INFO 2025-02-09 14:52:44,760 autoreload 20052 7940 Watching for file changes with StatReloader
INFO 2025-02-09 14:53:10,656 autoreload 20052 7940 C:\Users\klimm\Desktop\Geek_Brains\Specialization\tasty_ideas\myproject\myapp\forms.py changed, reloading.
INFO 2025-02-09 14:53:12,254 autoreload 12784 18764 Watching for file changes with StatReloader
INFO 2025-02-09 14:53:12,791 basehttp 12784 856 "POST /registration/ HTTP/1.1" 200 6425
INFO 2025-02-09 14:53:15,639 basehttp 12784 856 "POST /registration/ HTTP/1.1" 200 6425
INFO 2025-02-09 14:59:22,872 autoreload 12784 18764 C:\Users\klimm\Desktop\Geek_Brains\Specialization\tasty_ideas\myproject\myapp\forms.py changed, reloading.
INFO 2025-02-09 14:59:24,831 autoreload 17328 8224 Watching for file changes with StatReloader
INFO 2025-02-09 14:59:33,266 basehttp 17328 8808 "POST /registration/ HTTP/1.1" 200 6425
INFO 2025-02-09 14:59:36,530 basehttp 17328 8808 "POST /registration/ HTTP/1.1" 200 6425
INFO 2025-02-09 15:00:11,355 basehttp 17328 8808 "POST /registration/ HTTP/1.1" 200 6425
INFO 2025-02-09 15:00:35,577 autoreload 17328 8224 C:\Users\klimm\Desktop\Geek_Brains\Specialization\tasty_ideas\myproject\myapp\forms.py changed, reloading.
INFO 2025-02-09 15:00:37,267 autoreload 18980 20856 Watching for file changes with StatReloader
INFO 2025-02-09 15:00:42,706 basehttp 18980 3488 "POST /registration/ HTTP/1.1" 200 6425
INFO 2025-02-09 15:00:47,080 basehttp 18980 3488 "POST /registration/ HTTP/1.1" 200 6425
INFO 2025-02-09 15:00:49,332 basehttp 18980 3488 "GET /login/ HTTP/1.1" 200 5303
INFO 2025-02-09 15:00:50,813 basehttp 18980 3488 "GET /registration/ HTTP/1.1" 200 5849
INFO 2025-02-09 15:01:01,657 basehttp 18980 3488 "POST /registration/ HTTP/1.1" 200 6425
INFO 2025-02-09 15:01:28,773 autoreload 18980 20856 C:\Users\klimm\Desktop\Geek_Brains\Specialization\tasty_ideas\myproject\myapp\forms.py changed, reloading.
INFO 2025-02-09 15:01:30,391 autoreload 21468 21268 Watching for file changes with StatReloader
INFO 2025-02-09 15:01:35,635 basehttp 21468 10168 "POST /registration/ HTTP/1.1" 200 6425
INFO 2025-02-09 15:01:37,853 basehttp 21468 10168 "GET / HTTP/1.1" 200 7364
INFO 2025-02-09 15:01:38,947 basehttp 21468 10168 "GET /login/ HTTP/1.1" 200 5303
INFO 2025-02-09 15:01:40,915 basehttp 21468 10168 "GET /registration/ HTTP/1.1" 200 5849
INFO 2025-02-09 15:01:45,185 basehttp 21468 10168 "POST /registration/ HTTP/1.1" 200 6337
INFO 2025-02-09 15:03:00,282 autoreload 21468 21268 C:\Users\klimm\Desktop\Geek_Brains\Specialization\tasty_ideas\myproject\myapp\forms.py changed, reloading.
INFO 2025-02-09 15:03:02,084 autoreload 9584 19000 Watching for file changes with StatReloader
INFO 2025-02-09 15:03:02,685 basehttp 9584 18528 "POST /registration/ HTTP/1.1" 200 6032
INFO 2025-02-09 15:03:04,313 basehttp 9584 18528 "POST /registration/ HTTP/1.1" 200 6032
INFO 2025-02-09 15:03:09,903 basehttp 9584 18528 "POST /registration/ HTTP/1.1" 200 6032
INFO 2025-02-09 15:03:26,282 basehttp 9584 18528 "POST /registration/ HTTP/1.1" 200 6035
ERROR 2025-02-09 15:03:33,894 log 9584 18528 Internal Server Error: /registration/
Traceback (most recent call last):
  File "C:\Users\klimm\Desktop\Geek_Brains\Specialization\tasty_ideas\venv\Lib\site-packages\django\core\handlers\exception.py", line 55, in inner
    response = get_response(request)
               ^^^^^^^^^^^^^^^^^^^^^
  File "C:\Users\klimm\Desktop\Geek_Brains\Specialization\tasty_ideas\venv\Lib\site-packages\django\core\handlers\base.py", line 197, in _get_response
    response = wrapped_callback(request, *callback_args, **callback_kwargs)
               ^^^^^^^^^^^^^^^^^^^^^^^^^^^^^^^^^^^^^^^^^^^^^^^^^^^^^^^^^^^^
  File "C:\Users\klimm\Desktop\Geek_Brains\Specialization\tasty_ideas\myproject\myapp\views.py", line 95, in register
    if form.is_valid():
       ^^^^^^^^^^^^^^^
  File "C:\Users\klimm\Desktop\Geek_Brains\Specialization\tasty_ideas\venv\Lib\site-packages\django\forms\forms.py", line 197, in is_valid
    return self.is_bound and not self.errors
                                 ^^^^^^^^^^^
  File "C:\Users\klimm\Desktop\Geek_Brains\Specialization\tasty_ideas\venv\Lib\site-packages\django\forms\forms.py", line 192, in errors
    self.full_clean()
  File "C:\Users\klimm\Desktop\Geek_Brains\Specialization\tasty_ideas\venv\Lib\site-packages\django\forms\forms.py", line 325, in full_clean
    self._clean_fields()
  File "C:\Users\klimm\Desktop\Geek_Brains\Specialization\tasty_ideas\venv\Lib\site-packages\django\forms\forms.py", line 335, in _clean_fields
    value = getattr(self, "clean_%s" % name)()
            ^^^^^^^^^^^^^^^^^^^^^^^^^^^^^^^^^^
  File "C:\Users\klimm\Desktop\Geek_Brains\Specialization\tasty_ideas\myproject\myapp\forms.py", line 168, in clean_password2
    return super().clean_password2()
           ^^^^^^^^^^^^^^^^^^^^^^^
AttributeError: 'super' object has no attribute 'clean_password2'
ERROR 2025-02-09 15:03:33,906 basehttp 9584 18528 "POST /registration/ HTTP/1.1" 500 91106
INFO 2025-02-09 15:04:18,530 autoreload 9584 19000 C:\Users\klimm\Desktop\Geek_Brains\Specialization\tasty_ideas\myproject\myapp\forms.py changed, reloading.
INFO 2025-02-09 15:04:20,338 autoreload 18960 15624 Watching for file changes with StatReloader
INFO 2025-02-09 15:04:24,499 basehttp 18960 3680 "POST /registration/ HTTP/1.1" 200 6050
INFO 2025-02-09 15:04:37,030 basehttp 18960 3680 "POST /registration/ HTTP/1.1" 302 0
INFO 2025-02-09 15:04:37,062 basehttp 18960 3680 "GET / HTTP/1.1" 200 7362
INFO 2025-02-09 15:04:45,312 basehttp 18960 3680 "GET /detailed_recipe/ HTTP/1.1" 200 9246
INFO 2025-02-09 15:04:47,336 basehttp 18960 3680 "GET /logout/ HTTP/1.1" 302 0
INFO 2025-02-09 15:04:47,346 basehttp 18960 3680 "GET / HTTP/1.1" 200 7364
INFO 2025-02-09 15:04:48,712 basehttp 18960 3680 "GET /login/ HTTP/1.1" 200 5303
INFO 2025-02-09 15:04:50,074 basehttp 18960 3680 "GET /registration/ HTTP/1.1" 200 5840
INFO 2025-02-09 15:04:52,116 basehttp 18960 3680 "GET /login/ HTTP/1.1" 200 5303
INFO 2025-02-09 15:04:53,381 basehttp 18960 3680 "GET /registration/ HTTP/1.1" 200 5840
INFO 2025-02-09 15:06:32,212 basehttp 18960 3680 "GET / HTTP/1.1" 200 7364
